<?xml version="1.0" encoding="UTF-8"?>
<!-- Generated by org.testng.reporters.JUnitReportReporter -->
<testsuite hostname="PritiB" failures="0" tests="1" name="testRunner.CucumbertestRunner" time="7.047" errors="0" timestamp="2024-05-27T23:21:09 IST" skipped="0">
  <testcase classname="testRunner.CucumbertestRunner" name="runScenario" time="7.047"/>
</testsuite> <!-- testRunner.CucumbertestRunner -->
